2021-11-01 21:35:40.903  INFO 2632 --- [main] tn.esprit.spring.test.ContratTest        : Starting ContratTest on DESKTOP-HIVCKT0 with PID 2632 (started by Mega-pc in C:\Users\Mega-pc\Desktop\ESPRIT\5TWIN2\DEVOPS\PROJECTS\TimesheetProject)
2021-11-01 21:35:40.912  INFO 2632 --- [main] tn.esprit.spring.test.ContratTest        : No active profile set, falling back to default profiles: default
2021-11-01 21:35:41.631  INFO 2632 --- [main] .s.d.r.c.RepositoryConfigurationDelegate : Bootstrapping Spring Data repositories in DEFAULT mode.
2021-11-01 21:35:41.734  INFO 2632 --- [main] .s.d.r.c.RepositoryConfigurationDelegate : Finished Spring Data repository scanning in 92ms. Found 6 repository interfaces.
2021-11-01 21:35:42.162  INFO 2632 --- [main] trationDelegate$BeanPostProcessorChecker : Bean 'org.springframework.transaction.annotation.ProxyTransactionManagementConfiguration' of type [org.springframework.transaction.annotation.ProxyTransactionManagementConfiguration$$EnhancerBySpringCGLIB$$5d98e995] is not eligible for getting processed by all BeanPostProcessors (for example: not eligible for auto-proxying)
2021-11-01 21:35:42.403  INFO 2632 --- [main] com.zaxxer.hikari.HikariDataSource       : HikariPool-1 - Starting...
2021-11-01 21:35:42.584  INFO 2632 --- [main] com.zaxxer.hikari.HikariDataSource       : HikariPool-1 - Start completed.
2021-11-01 21:35:42.713  INFO 2632 --- [main] o.hibernate.jpa.internal.util.LogHelper  : HHH000204: Processing PersistenceUnitInfo [
	name: default
	...]
2021-11-01 21:35:42.820  INFO 2632 --- [main] org.hibernate.Version                    : HHH000412: Hibernate Core {5.3.9.Final}
2021-11-01 21:35:42.823  INFO 2632 --- [main] org.hibernate.cfg.Environment            : HHH000206: hibernate.properties not found
2021-11-01 21:35:43.012  INFO 2632 --- [main] o.hibernate.annotations.common.Version   : HCANN000001: Hibernate Commons Annotations {5.0.4.Final}
2021-11-01 21:35:43.414  INFO 2632 --- [main] org.hibernate.dialect.Dialect            : HHH000400: Using dialect: org.hibernate.dialect.MySQL5Dialect
2021-11-01 21:35:44.458  INFO 2632 --- [main] j.LocalContainerEntityManagerFactoryBean : Initialized JPA EntityManagerFactory for persistence unit 'default'
2021-11-01 21:35:44.862  INFO 2632 --- [main] o.h.h.i.QueryTranslatorFactoryInitiator  : HHH000397: Using ASTQueryTranslatorFactory
2021-11-01 21:35:46.136  INFO 2632 --- [main] o.s.s.concurrent.ThreadPoolTaskExecutor  : Initializing ExecutorService 'applicationTaskExecutor'
2021-11-01 21:35:46.232  WARN 2632 --- [main] aWebConfiguration$JpaWebMvcConfiguration : spring.jpa.open-in-view is enabled by default. Therefore, database queries may be performed during view rendering. Explicitly configure spring.jpa.open-in-view to disable this warning
2021-11-01 21:35:46.926  INFO 2632 --- [main] tn.esprit.spring.test.ContratTest        : Started ContratTest in 6.328 seconds (JVM running for 7.091)
2021-11-01 21:35:47.156  INFO 2632 --- [Thread-2] o.s.s.concurrent.ThreadPoolTaskExecutor  : Shutting down ExecutorService 'applicationTaskExecutor'
2021-11-01 21:35:47.158  INFO 2632 --- [Thread-2] j.LocalContainerEntityManagerFactoryBean : Closing JPA EntityManagerFactory for persistence unit 'default'
2021-11-01 21:35:47.161  INFO 2632 --- [Thread-2] com.zaxxer.hikari.HikariDataSource       : HikariPool-1 - Shutdown initiated...
2021-11-01 21:35:47.165  INFO 2632 --- [Thread-2] com.zaxxer.hikari.HikariDataSource       : HikariPool-1 - Shutdown completed.
2021-11-01 21:38:11.546  INFO 9716 --- [main] tn.esprit.spring.test.ContratTest        : Starting ContratTest on DESKTOP-HIVCKT0 with PID 9716 (started by Mega-pc in C:\Users\Mega-pc\Desktop\ESPRIT\5TWIN2\DEVOPS\PROJECTS\TimesheetProject)
2021-11-01 21:38:11.549  INFO 9716 --- [main] tn.esprit.spring.test.ContratTest        : No active profile set, falling back to default profiles: default
2021-11-01 21:38:12.268  INFO 9716 --- [main] .s.d.r.c.RepositoryConfigurationDelegate : Bootstrapping Spring Data repositories in DEFAULT mode.
2021-11-01 21:38:12.416  INFO 9716 --- [main] .s.d.r.c.RepositoryConfigurationDelegate : Finished Spring Data repository scanning in 136ms. Found 6 repository interfaces.
2021-11-01 21:38:12.825  INFO 9716 --- [main] trationDelegate$BeanPostProcessorChecker : Bean 'org.springframework.transaction.annotation.ProxyTransactionManagementConfiguration' of type [org.springframework.transaction.annotation.ProxyTransactionManagementConfiguration$$EnhancerBySpringCGLIB$$67466329] is not eligible for getting processed by all BeanPostProcessors (for example: not eligible for auto-proxying)
2021-11-01 21:38:13.050  INFO 9716 --- [main] com.zaxxer.hikari.HikariDataSource       : HikariPool-1 - Starting...
2021-11-01 21:38:13.182  INFO 9716 --- [main] com.zaxxer.hikari.HikariDataSource       : HikariPool-1 - Start completed.
2021-11-01 21:38:13.237  INFO 9716 --- [main] o.hibernate.jpa.internal.util.LogHelper  : HHH000204: Processing PersistenceUnitInfo [
	name: default
	...]
2021-11-01 21:38:13.363  INFO 9716 --- [main] org.hibernate.Version                    : HHH000412: Hibernate Core {5.3.9.Final}
2021-11-01 21:38:13.368  INFO 9716 --- [main] org.hibernate.cfg.Environment            : HHH000206: hibernate.properties not found
2021-11-01 21:38:13.518  INFO 9716 --- [main] o.hibernate.annotations.common.Version   : HCANN000001: Hibernate Commons Annotations {5.0.4.Final}
2021-11-01 21:38:13.855  INFO 9716 --- [main] org.hibernate.dialect.Dialect            : HHH000400: Using dialect: org.hibernate.dialect.MySQL5Dialect
2021-11-01 21:38:14.735  INFO 9716 --- [main] j.LocalContainerEntityManagerFactoryBean : Initialized JPA EntityManagerFactory for persistence unit 'default'
2021-11-01 21:38:15.106  INFO 9716 --- [main] o.h.h.i.QueryTranslatorFactoryInitiator  : HHH000397: Using ASTQueryTranslatorFactory
2021-11-01 21:38:16.294  INFO 9716 --- [main] o.s.s.concurrent.ThreadPoolTaskExecutor  : Initializing ExecutorService 'applicationTaskExecutor'
2021-11-01 21:38:16.362  WARN 9716 --- [main] aWebConfiguration$JpaWebMvcConfiguration : spring.jpa.open-in-view is enabled by default. Therefore, database queries may be performed during view rendering. Explicitly configure spring.jpa.open-in-view to disable this warning
2021-11-01 21:38:16.862  INFO 9716 --- [main] tn.esprit.spring.test.ContratTest        : Started ContratTest in 5.579 seconds (JVM running for 6.204)
2021-11-01 21:38:17.219  INFO 9716 --- [Thread-2] o.s.s.concurrent.ThreadPoolTaskExecutor  : Shutting down ExecutorService 'applicationTaskExecutor'
2021-11-01 21:38:17.222  INFO 9716 --- [Thread-2] j.LocalContainerEntityManagerFactoryBean : Closing JPA EntityManagerFactory for persistence unit 'default'
2021-11-01 21:38:17.224  INFO 9716 --- [Thread-2] com.zaxxer.hikari.HikariDataSource       : HikariPool-1 - Shutdown initiated...
2021-11-01 21:38:17.227  INFO 9716 --- [Thread-2] com.zaxxer.hikari.HikariDataSource       : HikariPool-1 - Shutdown completed.
2021-11-01 21:38:50.424  INFO 6708 --- [main] tn.esprit.spring.test.ContratTest        : Starting ContratTest on DESKTOP-HIVCKT0 with PID 6708 (started by Mega-pc in C:\Users\Mega-pc\Desktop\ESPRIT\5TWIN2\DEVOPS\PROJECTS\TimesheetProject)
2021-11-01 21:38:50.426  INFO 6708 --- [main] tn.esprit.spring.test.ContratTest        : No active profile set, falling back to default profiles: default
2021-11-01 21:38:51.065  INFO 6708 --- [main] .s.d.r.c.RepositoryConfigurationDelegate : Bootstrapping Spring Data repositories in DEFAULT mode.
2021-11-01 21:38:51.180  INFO 6708 --- [main] .s.d.r.c.RepositoryConfigurationDelegate : Finished Spring Data repository scanning in 104ms. Found 6 repository interfaces.
2021-11-01 21:38:51.562  INFO 6708 --- [main] trationDelegate$BeanPostProcessorChecker : Bean 'org.springframework.transaction.annotation.ProxyTransactionManagementConfiguration' of type [org.springframework.transaction.annotation.ProxyTransactionManagementConfiguration$$EnhancerBySpringCGLIB$$67466329] is not eligible for getting processed by all BeanPostProcessors (for example: not eligible for auto-proxying)
2021-11-01 21:38:51.792  INFO 6708 --- [main] com.zaxxer.hikari.HikariDataSource       : HikariPool-1 - Starting...
2021-11-01 21:38:51.916  INFO 6708 --- [main] com.zaxxer.hikari.HikariDataSource       : HikariPool-1 - Start completed.
2021-11-01 21:38:52.047  INFO 6708 --- [main] o.hibernate.jpa.internal.util.LogHelper  : HHH000204: Processing PersistenceUnitInfo [
	name: default
	...]
2021-11-01 21:38:52.114  INFO 6708 --- [main] org.hibernate.Version                    : HHH000412: Hibernate Core {5.3.9.Final}
2021-11-01 21:38:52.116  INFO 6708 --- [main] org.hibernate.cfg.Environment            : HHH000206: hibernate.properties not found
2021-11-01 21:38:52.251  INFO 6708 --- [main] o.hibernate.annotations.common.Version   : HCANN000001: Hibernate Commons Annotations {5.0.4.Final}
2021-11-01 21:38:52.595  INFO 6708 --- [main] org.hibernate.dialect.Dialect            : HHH000400: Using dialect: org.hibernate.dialect.MySQL5Dialect
2021-11-01 21:38:53.485  INFO 6708 --- [main] j.LocalContainerEntityManagerFactoryBean : Initialized JPA EntityManagerFactory for persistence unit 'default'
2021-11-01 21:38:53.816  INFO 6708 --- [main] o.h.h.i.QueryTranslatorFactoryInitiator  : HHH000397: Using ASTQueryTranslatorFactory
2021-11-01 21:38:55.105  INFO 6708 --- [main] o.s.s.concurrent.ThreadPoolTaskExecutor  : Initializing ExecutorService 'applicationTaskExecutor'
2021-11-01 21:38:55.179  WARN 6708 --- [main] aWebConfiguration$JpaWebMvcConfiguration : spring.jpa.open-in-view is enabled by default. Therefore, database queries may be performed during view rendering. Explicitly configure spring.jpa.open-in-view to disable this warning
2021-11-01 21:38:55.873  INFO 6708 --- [main] tn.esprit.spring.test.ContratTest        : Started ContratTest in 5.716 seconds (JVM running for 6.391)
2021-11-01 21:38:56.142  INFO 6708 --- [Thread-2] o.s.s.concurrent.ThreadPoolTaskExecutor  : Shutting down ExecutorService 'applicationTaskExecutor'
2021-11-01 21:38:56.145  INFO 6708 --- [Thread-2] j.LocalContainerEntityManagerFactoryBean : Closing JPA EntityManagerFactory for persistence unit 'default'
2021-11-01 21:38:56.147  INFO 6708 --- [Thread-2] com.zaxxer.hikari.HikariDataSource       : HikariPool-1 - Shutdown initiated...
2021-11-01 21:38:56.152  INFO 6708 --- [Thread-2] com.zaxxer.hikari.HikariDataSource       : HikariPool-1 - Shutdown completed.
2021-11-01 22:06:52.616  INFO 17252 --- [main] tn.esprit.spring.test.ContratTest        : Starting ContratTest on DESKTOP-HIVCKT0 with PID 17252 (started by Mega-pc in C:\Users\Mega-pc\Desktop\ESPRIT\5TWIN2\DEVOPS\PROJECTS\TimesheetProject)
2021-11-01 22:06:52.617  INFO 17252 --- [main] tn.esprit.spring.test.ContratTest        : No active profile set, falling back to default profiles: default
2021-11-01 22:06:53.134  INFO 17252 --- [main] .s.d.r.c.RepositoryConfigurationDelegate : Bootstrapping Spring Data repositories in DEFAULT mode.
2021-11-01 22:06:53.209  INFO 17252 --- [main] .s.d.r.c.RepositoryConfigurationDelegate : Finished Spring Data repository scanning in 67ms. Found 6 repository interfaces.
2021-11-01 22:06:53.547  INFO 17252 --- [main] trationDelegate$BeanPostProcessorChecker : Bean 'org.springframework.transaction.annotation.ProxyTransactionManagementConfiguration' of type [org.springframework.transaction.annotation.ProxyTransactionManagementConfiguration$$EnhancerBySpringCGLIB$$910aab99] is not eligible for getting processed by all BeanPostProcessors (for example: not eligible for auto-proxying)
2021-11-01 22:06:53.753  INFO 17252 --- [main] com.zaxxer.hikari.HikariDataSource       : HikariPool-1 - Starting...
2021-11-01 22:06:53.878  INFO 17252 --- [main] com.zaxxer.hikari.HikariDataSource       : HikariPool-1 - Start completed.
2021-11-01 22:06:53.999  INFO 17252 --- [main] o.hibernate.jpa.internal.util.LogHelper  : HHH000204: Processing PersistenceUnitInfo [
	name: default
	...]
2021-11-01 22:06:54.056  INFO 17252 --- [main] org.hibernate.Version                    : HHH000412: Hibernate Core {5.3.9.Final}
2021-11-01 22:06:54.058  INFO 17252 --- [main] org.hibernate.cfg.Environment            : HHH000206: hibernate.properties not found
2021-11-01 22:06:54.182  INFO 17252 --- [main] o.hibernate.annotations.common.Version   : HCANN000001: Hibernate Commons Annotations {5.0.4.Final}
2021-11-01 22:06:54.491  INFO 17252 --- [main] org.hibernate.dialect.Dialect            : HHH000400: Using dialect: org.hibernate.dialect.MySQL5Dialect
2021-11-01 22:06:55.268  INFO 17252 --- [main] j.LocalContainerEntityManagerFactoryBean : Initialized JPA EntityManagerFactory for persistence unit 'default'
2021-11-01 22:06:55.572  INFO 17252 --- [main] o.h.h.i.QueryTranslatorFactoryInitiator  : HHH000397: Using ASTQueryTranslatorFactory
2021-11-01 22:06:56.454  INFO 17252 --- [main] o.s.s.concurrent.ThreadPoolTaskExecutor  : Initializing ExecutorService 'applicationTaskExecutor'
2021-11-01 22:06:56.502  WARN 17252 --- [main] aWebConfiguration$JpaWebMvcConfiguration : spring.jpa.open-in-view is enabled by default. Therefore, database queries may be performed during view rendering. Explicitly configure spring.jpa.open-in-view to disable this warning
2021-11-01 22:06:56.990  INFO 17252 --- [main] tn.esprit.spring.test.ContratTest        : Started ContratTest in 4.601 seconds (JVM running for 5.21)
2021-11-01 22:06:57.147  INFO 17252 --- [main] tn.esprit.spring.test.ContratTest        : Contract added successfully! tn.esprit.spring.entities.Contrat@48af5f38
2021-11-01 22:06:57.154  INFO 17252 --- [Thread-2] o.s.s.concurrent.ThreadPoolTaskExecutor  : Shutting down ExecutorService 'applicationTaskExecutor'
2021-11-01 22:06:57.156  INFO 17252 --- [Thread-2] j.LocalContainerEntityManagerFactoryBean : Closing JPA EntityManagerFactory for persistence unit 'default'
2021-11-01 22:06:57.159  INFO 17252 --- [Thread-2] com.zaxxer.hikari.HikariDataSource       : HikariPool-1 - Shutdown initiated...
2021-11-01 22:06:57.163  INFO 17252 --- [Thread-2] com.zaxxer.hikari.HikariDataSource       : HikariPool-1 - Shutdown completed.
2021-11-01 22:25:52.318  INFO 11832 --- [main] tn.esprit.spring.test.ContratTest        : Starting ContratTest on DESKTOP-HIVCKT0 with PID 11832 (started by Mega-pc in C:\Users\Mega-pc\Desktop\ESPRIT\5TWIN2\DEVOPS\PROJECTS\TimesheetProject)
2021-11-01 22:25:52.320  INFO 11832 --- [main] tn.esprit.spring.test.ContratTest        : No active profile set, falling back to default profiles: default
2021-11-01 22:25:53.031  INFO 11832 --- [main] .s.d.r.c.RepositoryConfigurationDelegate : Bootstrapping Spring Data repositories in DEFAULT mode.
2021-11-01 22:25:53.122  INFO 11832 --- [main] .s.d.r.c.RepositoryConfigurationDelegate : Finished Spring Data repository scanning in 82ms. Found 6 repository interfaces.
2021-11-01 22:25:53.526  INFO 11832 --- [main] trationDelegate$BeanPostProcessorChecker : Bean 'org.springframework.transaction.annotation.ProxyTransactionManagementConfiguration' of type [org.springframework.transaction.annotation.ProxyTransactionManagementConfiguration$$EnhancerBySpringCGLIB$$75cf44ca] is not eligible for getting processed by all BeanPostProcessors (for example: not eligible for auto-proxying)
2021-11-01 22:25:53.755  INFO 11832 --- [main] com.zaxxer.hikari.HikariDataSource       : HikariPool-1 - Starting...
2021-11-01 22:25:53.901  INFO 11832 --- [main] com.zaxxer.hikari.HikariDataSource       : HikariPool-1 - Start completed.
2021-11-01 22:25:54.036  INFO 11832 --- [main] o.hibernate.jpa.internal.util.LogHelper  : HHH000204: Processing PersistenceUnitInfo [
	name: default
	...]
2021-11-01 22:25:54.105  INFO 11832 --- [main] org.hibernate.Version                    : HHH000412: Hibernate Core {5.3.9.Final}
2021-11-01 22:25:54.107  INFO 11832 --- [main] org.hibernate.cfg.Environment            : HHH000206: hibernate.properties not found
2021-11-01 22:25:54.237  INFO 11832 --- [main] o.hibernate.annotations.common.Version   : HCANN000001: Hibernate Commons Annotations {5.0.4.Final}
2021-11-01 22:25:54.682  INFO 11832 --- [main] org.hibernate.dialect.Dialect            : HHH000400: Using dialect: org.hibernate.dialect.MySQL5Dialect
2021-11-01 22:25:55.900  INFO 11832 --- [main] j.LocalContainerEntityManagerFactoryBean : Initialized JPA EntityManagerFactory for persistence unit 'default'
2021-11-01 22:25:56.436  INFO 11832 --- [main] o.h.h.i.QueryTranslatorFactoryInitiator  : HHH000397: Using ASTQueryTranslatorFactory
2021-11-01 22:25:58.125  INFO 11832 --- [main] o.s.s.concurrent.ThreadPoolTaskExecutor  : Initializing ExecutorService 'applicationTaskExecutor'
2021-11-01 22:25:58.216  WARN 11832 --- [main] aWebConfiguration$JpaWebMvcConfiguration : spring.jpa.open-in-view is enabled by default. Therefore, database queries may be performed during view rendering. Explicitly configure spring.jpa.open-in-view to disable this warning
2021-11-01 22:25:59.080  INFO 11832 --- [main] tn.esprit.spring.test.ContratTest        : Started ContratTest in 7.185 seconds (JVM running for 8.306)
2021-11-01 22:25:59.375  INFO 11832 --- [main] tn.esprit.spring.test.ContratTest        : Contract added successfully! tn.esprit.spring.entities.Contrat@2a9e754e
2021-11-01 22:25:59.386  INFO 11832 --- [Thread-2] o.s.s.concurrent.ThreadPoolTaskExecutor  : Shutting down ExecutorService 'applicationTaskExecutor'
2021-11-01 22:25:59.391  INFO 11832 --- [Thread-2] j.LocalContainerEntityManagerFactoryBean : Closing JPA EntityManagerFactory for persistence unit 'default'
2021-11-01 22:25:59.395  INFO 11832 --- [Thread-2] com.zaxxer.hikari.HikariDataSource       : HikariPool-1 - Shutdown initiated...
2021-11-01 22:25:59.400  INFO 11832 --- [Thread-2] com.zaxxer.hikari.HikariDataSource       : HikariPool-1 - Shutdown completed.
2021-11-01 22:45:31.021  INFO 7608 --- [main] tn.esprit.spring.test.ContratTest        : Starting ContratTest on DESKTOP-HIVCKT0 with PID 7608 (started by Mega-pc in C:\Users\Mega-pc\Desktop\ESPRIT\5TWIN2\DEVOPS\PROJECTS\TimesheetProject)
2021-11-01 22:45:31.022  INFO 7608 --- [main] tn.esprit.spring.test.ContratTest        : No active profile set, falling back to default profiles: default
2021-11-01 22:45:31.609  INFO 7608 --- [main] .s.d.r.c.RepositoryConfigurationDelegate : Bootstrapping Spring Data repositories in DEFAULT mode.
2021-11-01 22:45:31.690  INFO 7608 --- [main] .s.d.r.c.RepositoryConfigurationDelegate : Finished Spring Data repository scanning in 72ms. Found 6 repository interfaces.
2021-11-01 22:45:32.046  INFO 7608 --- [main] trationDelegate$BeanPostProcessorChecker : Bean 'org.springframework.transaction.annotation.ProxyTransactionManagementConfiguration' of type [org.springframework.transaction.annotation.ProxyTransactionManagementConfiguration$$EnhancerBySpringCGLIB$$8de1bb6f] is not eligible for getting processed by all BeanPostProcessors (for example: not eligible for auto-proxying)
2021-11-01 22:45:32.255  INFO 7608 --- [main] com.zaxxer.hikari.HikariDataSource       : HikariPool-1 - Starting...
2021-11-01 22:45:32.378  INFO 7608 --- [main] com.zaxxer.hikari.HikariDataSource       : HikariPool-1 - Start completed.
2021-11-01 22:45:32.495  INFO 7608 --- [main] o.hibernate.jpa.internal.util.LogHelper  : HHH000204: Processing PersistenceUnitInfo [
	name: default
	...]
2021-11-01 22:45:32.553  INFO 7608 --- [main] org.hibernate.Version                    : HHH000412: Hibernate Core {5.3.9.Final}
2021-11-01 22:45:32.555  INFO 7608 --- [main] org.hibernate.cfg.Environment            : HHH000206: hibernate.properties not found
2021-11-01 22:45:32.683  INFO 7608 --- [main] o.hibernate.annotations.common.Version   : HCANN000001: Hibernate Commons Annotations {5.0.4.Final}
2021-11-01 22:45:32.995  INFO 7608 --- [main] org.hibernate.dialect.Dialect            : HHH000400: Using dialect: org.hibernate.dialect.MySQL5Dialect
2021-11-01 22:45:33.996  INFO 7608 --- [main] j.LocalContainerEntityManagerFactoryBean : Initialized JPA EntityManagerFactory for persistence unit 'default'
2021-11-01 22:45:34.415  INFO 7608 --- [main] o.h.h.i.QueryTranslatorFactoryInitiator  : HHH000397: Using ASTQueryTranslatorFactory
2021-11-01 22:45:35.507  INFO 7608 --- [main] o.s.s.concurrent.ThreadPoolTaskExecutor  : Initializing ExecutorService 'applicationTaskExecutor'
2021-11-01 22:45:35.575  WARN 7608 --- [main] aWebConfiguration$JpaWebMvcConfiguration : spring.jpa.open-in-view is enabled by default. Therefore, database queries may be performed during view rendering. Explicitly configure spring.jpa.open-in-view to disable this warning
2021-11-01 22:45:36.411  INFO 7608 --- [main] tn.esprit.spring.test.ContratTest        : Started ContratTest in 5.654 seconds (JVM running for 6.408)
2021-11-01 22:45:36.681  INFO 7608 --- [main] tn.esprit.spring.test.ContratTest        : Contract affected to employe
2021-11-01 22:45:36.693  INFO 7608 --- [Thread-2] o.s.s.concurrent.ThreadPoolTaskExecutor  : Shutting down ExecutorService 'applicationTaskExecutor'
2021-11-01 22:45:36.698  INFO 7608 --- [Thread-2] j.LocalContainerEntityManagerFactoryBean : Closing JPA EntityManagerFactory for persistence unit 'default'
2021-11-01 22:45:36.701  INFO 7608 --- [Thread-2] com.zaxxer.hikari.HikariDataSource       : HikariPool-1 - Shutdown initiated...
2021-11-01 22:45:36.707  INFO 7608 --- [Thread-2] com.zaxxer.hikari.HikariDataSource       : HikariPool-1 - Shutdown completed.
